This file contains any messages produced by compilers while
running configure, to aid debugging if configure makes a mistake.

It was created by libdvbcsa configure 1.1.0, which was
generated by GNU Autoconf 2.68.  Invocation command line was

  $ ./configure --prefix=/usr

## --------- ##
## Platform. ##
## --------- ##

hostname = chevy
uname -m = x86_64
uname -r = 3.5.0-47-generic
uname -s = Linux
uname -v = #71~precise1-Ubuntu SMP Wed Feb 19 22:02:52 UTC 2014

/usr/bin/uname -p = unknown
/bin/uname -X     = unknown

/bin/arch              = unknown
/usr/bin/arch -k       = unknown
/usr/convex/getsysinfo = unknown
/usr/bin/hostinfo      = unknown
/bin/machine           = unknown
/usr/bin/oslevel       = unknown
/bin/universe          = unknown

PATH: /usr/lib/lightdm/lightdm
PATH: /usr/local/sbin
PATH: /usr/local/bin
PATH: /usr/sbin
PATH: /usr/bin
PATH: /sbin
PATH: /bin
PATH: /usr/games
PATH: /usr/lib/jvm/java-6-oracle/bin


## ----------- ##
## Core tests. ##
## ----------- ##

configure:2462: checking for a BSD-compatible install
configure:2530: result: /usr/bin/install -c
configure:2541: checking whether build environment is sane
configure:2591: result: yes
configure:2732: checking for a thread-safe mkdir -p
configure:2771: result: /bin/mkdir -p
configure:2784: checking for gawk
configure:2800: found /usr/bin/gawk
configure:2811: result: gawk
configure:2822: checking whether make sets $(MAKE)
configure:2844: result: yes
configure:2975: checking for gcc
configure:2991: found /usr/bin/gcc
configure:3002: result: gcc
configure:3231: checking for C compiler version
configure:3240: gcc --version >&5
gcc (Ubuntu/Linaro 4.6.3-1ubuntu5) 4.6.3
Copyright (C) 2011 Free Software Foundation, Inc.
This is free software; see the source for copying conditions.  There is NO
warranty; not even for MERCHANTABILITY or FITNESS FOR A PARTICULAR PURPOSE.

configure:3251: $? = 0
configure:3240: gcc -v >&5
Using built-in specs.
COLLECT_GCC=gcc
COLLECT_LTO_WRAPPER=/usr/lib/gcc/x86_64-linux-gnu/4.6/lto-wrapper
Target: x86_64-linux-gnu
Configured with: ../src/configure -v --with-pkgversion='Ubuntu/Linaro 4.6.3-1ubuntu5' --with-bugurl=file:///usr/share/doc/gcc-4.6/README.Bugs --enable-languages=c,c++,fortran,objc,obj-c++ --prefix=/usr --program-suffix=-4.6 --enable-shared --enable-linker-build-id --with-system-zlib --libexecdir=/usr/lib --without-included-gettext --enable-threads=posix --with-gxx-include-dir=/usr/include/c++/4.6 --libdir=/usr/lib --enable-nls --with-sysroot=/ --enable-clocale=gnu --enable-libstdcxx-debug --enable-libstdcxx-time=yes --enable-gnu-unique-object --enable-plugin --enable-objc-gc --disable-werror --with-arch-32=i686 --with-tune=generic --enable-checking=release --build=x86_64-linux-gnu --host=x86_64-linux-gnu --target=x86_64-linux-gnu
Thread model: posix
gcc version 4.6.3 (Ubuntu/Linaro 4.6.3-1ubuntu5) 
configure:3251: $? = 0
configure:3240: gcc -V >&5
gcc: error: unrecognized option '-V'
gcc: fatal error: no input files
compilation terminated.
configure:3251: $? = 4
configure:3240: gcc -qversion >&5
gcc: error: unrecognized option '-qversion'
gcc: fatal error: no input files
compilation terminated.
configure:3251: $? = 4
configure:3271: checking whether the C compiler works
configure:3293: gcc    conftest.c  >&5
configure:3297: $? = 0
configure:3345: result: yes
configure:3348: checking for C compiler default output file name
configure:3350: result: a.out
configure:3356: checking for suffix of executables
configure:3363: gcc -o conftest    conftest.c  >&5
configure:3367: $? = 0
configure:3389: result: 
configure:3411: checking whether we are cross compiling
configure:3419: gcc -o conftest    conftest.c  >&5
configure:3423: $? = 0
configure:3430: ./conftest
configure:3434: $? = 0
configure:3449: result: no
configure:3454: checking for suffix of object files
configure:3476: gcc -c   conftest.c >&5
configure:3480: $? = 0
configure:3501: result: o
configure:3505: checking whether we are using the GNU C compiler
configure:3524: gcc -c   conftest.c >&5
configure:3524: $? = 0
configure:3533: result: yes
configure:3542: checking whether gcc accepts -g
configure:3562: gcc -c -g  conftest.c >&5
configure:3562: $? = 0
configure:3603: result: yes
configure:3620: checking for gcc option to accept ISO C89
configure:3684: gcc  -c -g -O2  conftest.c >&5
configure:3684: $? = 0
configure:3697: result: none needed
configure:3728: checking for style of include used by make
configure:3756: result: GNU
configure:3781: checking dependency style of gcc
configure:3891: result: gcc3
configure:3936: checking build system type
configure:3950: result: x86_64-unknown-linux-gnu
configure:3970: checking host system type
configure:3983: result: x86_64-unknown-linux-gnu
configure:4024: checking how to print strings
configure:4051: result: printf
configure:4072: checking for a sed that does not truncate output
configure:4136: result: /bin/sed
configure:4154: checking for grep that handles long lines and -e
configure:4212: result: /bin/grep
configure:4217: checking for egrep
configure:4279: result: /bin/grep -E
configure:4284: checking for fgrep
configure:4346: result: /bin/grep -F
configure:4381: checking for ld used by gcc
configure:4448: result: /usr/bin/ld
configure:4455: checking if the linker (/usr/bin/ld) is GNU ld
configure:4470: result: yes
configure:4482: checking for BSD- or MS-compatible name lister (nm)
configure:4531: result: /usr/bin/nm -B
configure:4661: checking the name lister (/usr/bin/nm -B) interface
configure:4668: gcc -c -g -O2  conftest.c >&5
configure:4671: /usr/bin/nm -B "conftest.o"
configure:4674: output
0000000000000000 B some_variable
configure:4681: result: BSD nm
configure:4684: checking whether ln -s works
configure:4688: result: yes
configure:4696: checking the maximum length of command line arguments
configure:4821: result: 1572864
configure:4838: checking whether the shell understands some XSI constructs
configure:4848: result: yes
configure:4852: checking whether the shell understands "+="
configure:4858: result: yes
configure:4893: checking how to convert x86_64-unknown-linux-gnu file names to x86_64-unknown-linux-gnu format
configure:4933: result: func_convert_file_noop
configure:4940: checking how to convert x86_64-unknown-linux-gnu file names to toolchain format
configure:4960: result: func_convert_file_noop
configure:4967: checking for /usr/bin/ld option to reload object files
configure:4974: result: -r
configure:5048: checking for objdump
configure:5064: found /usr/bin/objdump
configure:5075: result: objdump
configure:5107: checking how to recognize dependent libraries
configure:5309: result: pass_all
configure:5394: checking for dlltool
configure:5424: result: no
configure:5454: checking how to associate runtime and link libraries
configure:5481: result: printf %s\n
configure:5542: checking for ar
configure:5558: found /usr/bin/ar
configure:5569: result: ar
configure:5606: checking for archiver @FILE support
configure:5623: gcc -c -g -O2  conftest.c >&5
configure:5623: $? = 0
configure:5626: ar cru libconftest.a @conftest.lst >&5
configure:5629: $? = 0
configure:5634: ar cru libconftest.a @conftest.lst >&5
ar: conftest.o: No such file or directory
configure:5637: $? = 1
configure:5649: result: @
configure:5707: checking for strip
configure:5723: found /usr/bin/strip
configure:5734: result: strip
configure:5806: checking for ranlib
configure:5822: found /usr/bin/ranlib
configure:5833: result: ranlib
configure:5935: checking command to parse /usr/bin/nm -B output from gcc object
configure:6054: gcc -c -g -O2  conftest.c >&5
configure:6057: $? = 0
configure:6061: /usr/bin/nm -B conftest.o \| sed -n -e 's/^.*[ ]\([ABCDGIRSTW][ABCDGIRSTW]*\)[ ][ ]*\([_A-Za-z][_A-Za-z0-9]*\)$/\1 \2 \2/p' | sed '/ __gnu_lto/d' \> conftest.nm
configure:6064: $? = 0
configure:6130: gcc -o conftest -g -O2   conftest.c conftstm.o >&5
configure:6133: $? = 0
configure:6171: result: ok
configure:6208: checking for sysroot
configure:6238: result: no
configure:6315: gcc -c -g -O2  conftest.c >&5
configure:6318: $? = 0
configure:6481: checking for mt
configure:6497: found /bin/mt
configure:6508: result: mt
configure:6531: checking if mt is a manifest tool
configure:6537: mt '-?'
configure:6545: result: no
configure:7177: checking how to run the C preprocessor
configure:7208: gcc -E  conftest.c
configure:7208: $? = 0
configure:7222: gcc -E  conftest.c
conftest.c:11:28: fatal error: ac_nonexistent.h: No such file or directory
compilation terminated.
configure:7222: $? = 1
configure: failed program was:
| /* confdefs.h */
| #define PACKAGE_NAME "libdvbcsa"
| #define PACKAGE_TARNAME "libdvbcsa"
| #define PACKAGE_VERSION "1.1.0"
| #define PACKAGE_STRING "libdvbcsa 1.1.0"
| #define PACKAGE_BUGREPORT ""
| #define PACKAGE_URL ""
| #define PACKAGE "libdvbcsa"
| #define VERSION "1.1.0"
| /* end confdefs.h.  */
| #include <ac_nonexistent.h>
configure:7247: result: gcc -E
configure:7267: gcc -E  conftest.c
configure:7267: $? = 0
configure:7281: gcc -E  conftest.c
conftest.c:11:28: fatal error: ac_nonexistent.h: No such file or directory
compilation terminated.
configure:7281: $? = 1
configure: failed program was:
| /* confdefs.h */
| #define PACKAGE_NAME "libdvbcsa"
| #define PACKAGE_TARNAME "libdvbcsa"
| #define PACKAGE_VERSION "1.1.0"
| #define PACKAGE_STRING "libdvbcsa 1.1.0"
| #define PACKAGE_BUGREPORT ""
| #define PACKAGE_URL ""
| #define PACKAGE "libdvbcsa"
| #define VERSION "1.1.0"
| /* end confdefs.h.  */
| #include <ac_nonexistent.h>
configure:7310: checking for ANSI C header files
configure:7330: gcc -c -g -O2  conftest.c >&5
configure:7330: $? = 0
configure:7403: gcc -o conftest -g -O2   conftest.c  >&5
configure:7403: $? = 0
configure:7403: ./conftest
configure:7403: $? = 0
configure:7414: result: yes
configure:7427: checking for sys/types.h
configure:7427: gcc -c -g -O2  conftest.c >&5
configure:7427: $? = 0
configure:7427: result: yes
configure:7427: checking for sys/stat.h
configure:7427: gcc -c -g -O2  conftest.c >&5
configure:7427: $? = 0
configure:7427: result: yes
configure:7427: checking for stdlib.h
configure:7427: gcc -c -g -O2  conftest.c >&5
configure:7427: $? = 0
configure:7427: result: yes
configure:7427: checking for string.h
configure:7427: gcc -c -g -O2  conftest.c >&5
configure:7427: $? = 0
configure:7427: result: yes
configure:7427: checking for memory.h
configure:7427: gcc -c -g -O2  conftest.c >&5
configure:7427: $? = 0
configure:7427: result: yes
configure:7427: checking for strings.h
configure:7427: gcc -c -g -O2  conftest.c >&5
configure:7427: $? = 0
configure:7427: result: yes
configure:7427: checking for inttypes.h
configure:7427: gcc -c -g -O2  conftest.c >&5
configure:7427: $? = 0
configure:7427: result: yes
configure:7427: checking for stdint.h
configure:7427: gcc -c -g -O2  conftest.c >&5
configure:7427: $? = 0
configure:7427: result: yes
configure:7427: checking for unistd.h
configure:7427: gcc -c -g -O2  conftest.c >&5
configure:7427: $? = 0
configure:7427: result: yes
configure:7441: checking for dlfcn.h
configure:7441: gcc -c -g -O2  conftest.c >&5
configure:7441: $? = 0
configure:7441: result: yes
configure:7628: checking for objdir
configure:7643: result: .libs
configure:7910: checking if gcc supports -fno-rtti -fno-exceptions
configure:7928: gcc -c -g -O2  -fno-rtti -fno-exceptions conftest.c >&5
cc1: warning: command line option '-fno-rtti' is valid for C++/ObjC++ but not for C [enabled by default]
configure:7932: $? = 0
configure:7945: result: no
configure:8255: checking for gcc option to produce PIC
configure:8262: result: -fPIC -DPIC
configure:8270: checking if gcc PIC flag -fPIC -DPIC works
configure:8288: gcc -c -g -O2  -fPIC -DPIC -DPIC conftest.c >&5
configure:8292: $? = 0
configure:8305: result: yes
configure:8334: checking if gcc static flag -static works
configure:8362: result: yes
configure:8377: checking if gcc supports -c -o file.o
configure:8398: gcc -c -g -O2  -o out/conftest2.o conftest.c >&5
configure:8402: $? = 0
configure:8424: result: yes
configure:8432: checking if gcc supports -c -o file.o
configure:8479: result: yes
configure:8512: checking whether the gcc linker (/usr/bin/ld -m elf_x86_64) supports shared libraries
configure:9670: result: yes
configure:9707: checking whether -lc should be explicitly linked in
configure:9715: gcc -c -g -O2  conftest.c >&5
configure:9718: $? = 0
configure:9733: gcc -shared  -fPIC -DPIC conftest.o  -v -Wl,-soname -Wl,conftest -o conftest 2\>\&1 \| /bin/grep  -lc  \>/dev/null 2\>\&1
configure:9736: $? = 0
configure:9750: result: no
configure:9915: checking dynamic linker characteristics
configure:10429: gcc -o conftest -g -O2   -Wl,-rpath -Wl,/foo conftest.c  >&5
configure:10429: $? = 0
configure:10651: result: GNU/Linux ld.so
configure:10758: checking how to hardcode library paths into programs
configure:10783: result: immediate
configure:11323: checking whether stripping libraries is possible
configure:11328: result: yes
configure:11363: checking if libtool supports shared libraries
configure:11365: result: yes
configure:11368: checking whether to build shared libraries
configure:11389: result: yes
configure:11392: checking whether to build static libraries
configure:11396: result: yes
configure:11439: checking for ANSI C header files
configure:11543: result: yes
configure:11553: checking assert.h usability
configure:11553: gcc -c -g -O2  conftest.c >&5
configure:11553: $? = 0
configure:11553: result: yes
configure:11553: checking assert.h presence
configure:11553: gcc -E  conftest.c
configure:11553: $? = 0
configure:11553: result: yes
configure:11553: checking for assert.h
configure:11553: result: yes
configure:11564: checking for an ANSI C-conforming const
configure:11629: gcc -c -g -O2  conftest.c >&5
configure:11629: $? = 0
configure:11636: result: yes
configure:11644: checking for inline
configure:11660: gcc -c -g -O2  conftest.c >&5
configure:11660: $? = 0
configure:11668: result: inline
configure:11690: checking size of long
configure:11695: gcc -o conftest -g -O2   conftest.c  >&5
configure:11695: $? = 0
configure:11695: ./conftest
configure:11695: $? = 0
configure:11709: result: 8
configure:11799: checking for posix_memalign
configure:11799: gcc -o conftest -Wall  -O3 -fomit-frame-pointer -D_XOPEN_SOURCE=600   conftest.c  >&5
configure:11799: $? = 0
configure:11799: result: yes
configure:11807: checking _mm_malloc availability
configure:11820: gcc -o conftest -Wall  -O3 -fomit-frame-pointer -D_XOPEN_SOURCE=600   conftest.c  >&5
configure:11820: $? = 0
configure:11825: result: found
configure:11981: creating ./config.status

## ---------------------- ##
## Running config.status. ##
## ---------------------- ##

This file was extended by libdvbcsa config.status 1.1.0, which was
generated by GNU Autoconf 2.68.  Invocation command line was

  CONFIG_FILES    = 
  CONFIG_HEADERS  = 
  CONFIG_LINKS    = 
  CONFIG_COMMANDS = 
  $ ./config.status 

on chevy

config.status:1102: creating Makefile
config.status:1102: creating src/Makefile
config.status:1102: creating src/dvbcsa/Makefile
config.status:1102: creating test/Makefile
config.status:1102: creating config.h
config.status:1331: executing depfiles commands
config.status:1331: executing libtool commands

## ---------------- ##
## Cache variables. ##
## ---------------- ##

ac_cv_build=x86_64-unknown-linux-gnu
ac_cv_c_compiler_gnu=yes
ac_cv_c_const=yes
ac_cv_c_inline=inline
ac_cv_env_CC_set=
ac_cv_env_CC_value=
ac_cv_env_CFLAGS_set=
ac_cv_env_CFLAGS_value=
ac_cv_env_CPPFLAGS_set=
ac_cv_env_CPPFLAGS_value=
ac_cv_env_CPP_set=
ac_cv_env_CPP_value=
ac_cv_env_LDFLAGS_set=
ac_cv_env_LDFLAGS_value=
ac_cv_env_LIBS_set=
ac_cv_env_LIBS_value=
ac_cv_env_build_alias_set=
ac_cv_env_build_alias_value=
ac_cv_env_host_alias_set=
ac_cv_env_host_alias_value=
ac_cv_env_target_alias_set=
ac_cv_env_target_alias_value=
ac_cv_func_posix_memalign=yes
ac_cv_header_assert_h=yes
ac_cv_header_dlfcn_h=yes
ac_cv_header_inttypes_h=yes
ac_cv_header_memory_h=yes
ac_cv_header_stdc=yes
ac_cv_header_stdint_h=yes
ac_cv_header_stdlib_h=yes
ac_cv_header_string_h=yes
ac_cv_header_strings_h=yes
ac_cv_header_sys_stat_h=yes
ac_cv_header_sys_types_h=yes
ac_cv_header_unistd_h=yes
ac_cv_host=x86_64-unknown-linux-gnu
ac_cv_objext=o
ac_cv_path_EGREP='/bin/grep -E'
ac_cv_path_FGREP='/bin/grep -F'
ac_cv_path_GREP=/bin/grep
ac_cv_path_SED=/bin/sed
ac_cv_path_install='/usr/bin/install -c'
ac_cv_path_mkdir=/bin/mkdir
ac_cv_prog_AWK=gawk
ac_cv_prog_CPP='gcc -E'
ac_cv_prog_ac_ct_AR=ar
ac_cv_prog_ac_ct_CC=gcc
ac_cv_prog_ac_ct_MANIFEST_TOOL=mt
ac_cv_prog_ac_ct_OBJDUMP=objdump
ac_cv_prog_ac_ct_RANLIB=ranlib
ac_cv_prog_ac_ct_STRIP=strip
ac_cv_prog_cc_c89=
ac_cv_prog_cc_g=yes
ac_cv_prog_make_make_set=yes
ac_cv_sizeof_long=8
am_cv_CC_dependencies_compiler_type=gcc3
lt_cv_ar_at_file=@
lt_cv_archive_cmds_need_lc=no
lt_cv_deplibs_check_method=pass_all
lt_cv_file_magic_cmd='$MAGIC_CMD'
lt_cv_file_magic_test_file=
lt_cv_ld_reload_flag=-r
lt_cv_nm_interface='BSD nm'
lt_cv_objdir=.libs
lt_cv_path_LD=/usr/bin/ld
lt_cv_path_NM='/usr/bin/nm -B'
lt_cv_path_mainfest_tool=no
lt_cv_prog_compiler_c_o=yes
lt_cv_prog_compiler_pic='-fPIC -DPIC'
lt_cv_prog_compiler_pic_works=yes
lt_cv_prog_compiler_rtti_exceptions=no
lt_cv_prog_compiler_static_works=yes
lt_cv_prog_gnu_ld=yes
lt_cv_sharedlib_from_linklib_cmd='printf %s\n'
lt_cv_shlibpath_overrides_runpath=no
lt_cv_sys_global_symbol_pipe='sed -n -e '\''s/^.*[	 ]\([ABCDGIRSTW][ABCDGIRSTW]*\)[	 ][	 ]*\([_A-Za-z][_A-Za-z0-9]*\)$/\1 \2 \2/p'\'' | sed '\''/ __gnu_lto/d'\'''
lt_cv_sys_global_symbol_to_c_name_address='sed -n -e '\''s/^: \([^ ]*\)[ ]*$/  {\"\1\", (void *) 0},/p'\'' -e '\''s/^[ABCDGIRSTW]* \([^ ]*\) \([^ ]*\)$/  {"\2", (void *) \&\2},/p'\'''
lt_cv_sys_global_symbol_to_c_name_address_lib_prefix='sed -n -e '\''s/^: \([^ ]*\)[ ]*$/  {\"\1\", (void *) 0},/p'\'' -e '\''s/^[ABCDGIRSTW]* \([^ ]*\) \(lib[^ ]*\)$/  {"\2", (void *) \&\2},/p'\'' -e '\''s/^[ABCDGIRSTW]* \([^ ]*\) \([^ ]*\)$/  {"lib\2", (void *) \&\2},/p'\'''
lt_cv_sys_global_symbol_to_cdecl='sed -n -e '\''s/^T .* \(.*\)$/extern int \1();/p'\'' -e '\''s/^[ABCDGIRSTW]* .* \(.*\)$/extern char \1;/p'\'''
lt_cv_sys_max_cmd_len=1572864
lt_cv_to_host_file_cmd=func_convert_file_noop
lt_cv_to_tool_file_cmd=func_convert_file_noop

## ----------------- ##
## Output variables. ##
## ----------------- ##

ACLOCAL='${SHELL} /home/chevy/libdvbcsa-1.1.0/missing --run aclocal-1.11'
AMDEPBACKSLASH='\'
AMDEP_FALSE='#'
AMDEP_TRUE=''
AMTAR='${SHELL} /home/chevy/libdvbcsa-1.1.0/missing --run tar'
AR='ar'
AUTOCONF='${SHELL} /home/chevy/libdvbcsa-1.1.0/missing --run autoconf'
AUTOHEADER='${SHELL} /home/chevy/libdvbcsa-1.1.0/missing --run autoheader'
AUTOMAKE='${SHELL} /home/chevy/libdvbcsa-1.1.0/missing --run automake-1.11'
AWK='gawk'
CC='gcc'
CCDEPMODE='depmode=gcc3'
CFLAGS='-Wall  -O3 -fomit-frame-pointer -D_XOPEN_SOURCE=600'
CPP='gcc -E'
CPPFLAGS=''
CYGPATH_W='echo'
DEFS='-DHAVE_CONFIG_H'
DEPDIR='.deps'
DLLTOOL='false'
DSYMUTIL=''
DUMPBIN=''
ECHO_C=''
ECHO_N='-n'
ECHO_T=''
EGREP='/bin/grep -E'
EXEEXT=''
FGREP='/bin/grep -F'
GREP='/bin/grep'
INSTALL_DATA='${INSTALL} -m 644'
INSTALL_PROGRAM='${INSTALL}'
INSTALL_SCRIPT='${INSTALL}'
INSTALL_STRIP_PROGRAM='$(install_sh) -c -s'
LD='/usr/bin/ld -m elf_x86_64'
LDFLAGS=''
LIBOBJS=''
LIBS=''
LIBTOOL='$(SHELL) $(top_builddir)/libtool'
LIPO=''
LN_S='ln -s'
LTLIBOBJS=''
MAKEINFO='${SHELL} /home/chevy/libdvbcsa-1.1.0/missing --run makeinfo'
MANIFEST_TOOL=':'
MKDIR_P='/bin/mkdir -p'
NM='/usr/bin/nm -B'
NMEDIT=''
OBJDUMP='objdump'
OBJEXT='o'
OTOOL64=''
OTOOL=''
PACKAGE='libdvbcsa'
PACKAGE_BUGREPORT=''
PACKAGE_NAME='libdvbcsa'
PACKAGE_STRING='libdvbcsa 1.1.0'
PACKAGE_TARNAME='libdvbcsa'
PACKAGE_URL=''
PACKAGE_VERSION='1.1.0'
PATH_SEPARATOR=':'
RANLIB='ranlib'
SED='/bin/sed'
SET_MAKE=''
SHELL='/bin/bash'
STRIP='strip'
TRANSPOSE_128_FALSE=''
TRANSPOSE_128_TRUE='#'
TRANSPOSE_32_FALSE=''
TRANSPOSE_32_TRUE='#'
TRANSPOSE_64_FALSE='#'
TRANSPOSE_64_TRUE=''
VERSION='1.1.0'
ac_ct_AR='ar'
ac_ct_CC='gcc'
ac_ct_DUMPBIN=''
am__EXEEXT_FALSE=''
am__EXEEXT_TRUE='#'
am__fastdepCC_FALSE='#'
am__fastdepCC_TRUE=''
am__include='include'
am__isrc=''
am__leading_dot='.'
am__quote=''
am__tar='${AMTAR} chof - "$$tardir"'
am__untar='${AMTAR} xf -'
bindir='${exec_prefix}/bin'
build='x86_64-unknown-linux-gnu'
build_alias=''
build_cpu='x86_64'
build_os='linux-gnu'
build_vendor='unknown'
datadir='${datarootdir}'
datarootdir='${prefix}/share'
docdir='${datarootdir}/doc/${PACKAGE_TARNAME}'
dvidir='${docdir}'
exec_prefix='${prefix}'
host='x86_64-unknown-linux-gnu'
host_alias=''
host_cpu='x86_64'
host_os='linux-gnu'
host_vendor='unknown'
htmldir='${docdir}'
includedir='${prefix}/include'
infodir='${datarootdir}/info'
install_sh='${SHELL} /home/chevy/libdvbcsa-1.1.0/install-sh'
libdir='${exec_prefix}/lib'
libexecdir='${exec_prefix}/libexec'
localedir='${datarootdir}/locale'
localstatedir='${prefix}/var'
mandir='${datarootdir}/man'
mkdir_p='/bin/mkdir -p'
oldincludedir='/usr/include'
pdfdir='${docdir}'
prefix='/usr'
program_transform_name='s,x,x,'
psdir='${docdir}'
sbindir='${exec_prefix}/sbin'
sharedstatedir='${prefix}/com'
sysconfdir='${prefix}/etc'
target_alias=''

## ----------- ##
## confdefs.h. ##
## ----------- ##

/* confdefs.h */
#define PACKAGE_NAME "libdvbcsa"
#define PACKAGE_TARNAME "libdvbcsa"
#define PACKAGE_VERSION "1.1.0"
#define PACKAGE_STRING "libdvbcsa 1.1.0"
#define PACKAGE_BUGREPORT ""
#define PACKAGE_URL ""
#define PACKAGE "libdvbcsa"
#define VERSION "1.1.0"
#define STDC_HEADERS 1
#define HAVE_SYS_TYPES_H 1
#define HAVE_SYS_STAT_H 1
#define HAVE_STDLIB_H 1
#define HAVE_STRING_H 1
#define HAVE_MEMORY_H 1
#define HAVE_STRINGS_H 1
#define HAVE_INTTYPES_H 1
#define HAVE_STDINT_H 1
#define HAVE_UNISTD_H 1
#define HAVE_DLFCN_H 1
#define LT_OBJDIR ".libs/"
#define STDC_HEADERS 1
#define HAVE_ASSERT_H 1
#define SIZEOF_LONG 8
#define DVBCSA_USE_UINT64 1
#define HAVE_POSIX_MEMALIGN 1
#define HAVE_MM_MALLOC 1

configure: exit 0
